<?xml version="1.0" encoding="UTF-8"?>
<testng-results ignored="0" total="2" passed="2" failed="0" skipped="0">
  <reporter-output>
  </reporter-output>
  <suite started-at="2024-04-25T22:00:03 IST" name="Surefire suite" finished-at="2024-04-25T22:00:58 IST" duration-ms="54749">
    <groups>
    </groups>
    <test started-at="2024-04-25T22:00:03 IST" name="Surefire test" finished-at="2024-04-25T22:00:58 IST" duration-ms="54749">
      <class name="com.example.AppTest">
        <test-method is-config="true" signature="setUp()[pri:0, instance:com.example.AppTest@63a65a25]" started-at="2024-04-25T22:00:03 IST" name="setUp" finished-at="2024-04-25T22:00:06 IST" duration-ms="2549" status="PASS">
          <reporter-output>
          </reporter-output>
        </test-method> <!-- setUp -->
        <test-method signature="test1()[pri:0, instance:com.example.AppTest@63a65a25]" started-at="2024-04-25T22:00:06 IST" name="test1" finished-at="2024-04-25T22:00:31 IST" duration-ms="25209" status="PASS">
          <reporter-output>
          </reporter-output>
        </test-method> <!-- test1 -->
        <test-method signature="test2()[pri:0, instance:com.example.AppTest@63a65a25]" started-at="2024-04-25T22:00:31 IST" name="test2" finished-at="2024-04-25T22:00:57 IST" duration-ms="26517" status="PASS">
          <reporter-output>
          </reporter-output>
        </test-method> <!-- test2 -->
        <test-method is-config="true" signature="tearDown()[pri:0, instance:com.example.AppTest@63a65a25]" started-at="2024-04-25T22:00:57 IST" name="tearDown" finished-at="2024-04-25T22:00:58 IST" duration-ms="386" status="PASS">
          <reporter-output>
          </reporter-output>
        </test-method> <!-- tearDown -->
      </class> <!-- com.example.AppTest -->
    </test> <!-- Surefire test -->
  </suite> <!-- Surefire suite -->
</testng-results>
